<?xml version="1.0" encoding="UTF-8"?>
<testsuite name="TestSuite" time="0.017" tests="29" errors="0" skipped="3" failures="6">
  <properties>
[...]
</properties>
  <testcase name="本地化测试用例" classname="org.uncommons.reportng.ReportMetadataTest" time="0.01">
    <failure message="Wrong locale: en_GB" type="java.lang.AssertionError">java.lang.AssertionError: Wrong locale: en_GB
	at org.uncommons.reportng.ReportMetadataTest.testDefaultLocale(ReportMetadataTest.java:40)
</failure>
  </testcase>
  <testcase name="本地化测试用例" classname="org.uncommons.reportng.ReportMetadataTest" time="0"/>
  <testcase name="本地化测试用例" classname="org.uncommons.reportng.ReportMetadataTest" time="0"/>
  <testcase name="本地化测试用例" classname="org.uncommons.reportng.ReportMetadataTest" time="0"/>
  <testcase name="自动化测试用例" classname="org.uncommons.reportng.ReportNGUtilsTest" time="0"/>
  <testcase name="自动化测试用例" classname="org.uncommons.reportng.ReportNGUtilsTest" time="0"/>
  <testcase name="自动化测试用例" classname="org.uncommons.reportng.ReportNGUtilsTest" time="0"/>
  <testcase name="自动化测试用例" classname="org.uncommons.reportng.ReportNGUtilsTest" time="0.001"/>
  <testcase name="自动化测试用例" classname="org.uncommons.reportng.ReportNGUtilsTest" time="0.001"/>
  <testcase name="自动化测试用例" classname="org.uncommons.reportng.ReportNGUtilsTest" time="0"/>
  <testcase name="testProvider" classname="org.uncommons.reportng.sample.DataProviderTest" time="0"/>
  <testcase name="testProvider" classname="org.uncommons.reportng.sample.DataProviderTest" time="0"/>
  <testcase name="testProvider" classname="org.uncommons.reportng.sample.DataProviderTest" time="0"/>
  <testcase name="testProvider2" classname="org.uncommons.reportng.sample.DataProviderTest" time="0"/>
  <testcase name="testProvider2" classname="org.uncommons.reportng.sample.DataProviderTest" time="0"/>
  <testcase name="testProvider2" classname="org.uncommons.reportng.sample.DataProviderTest" time="0"/>
  <testcase name="configure" classname="org.uncommons.reportng.sample.FailedConfiguration" time="0.003">
    <failure message="Configuration failed." type="java.lang.RuntimeException">java.lang.RuntimeException: Configuration failed.
	at org.uncommons.reportng.sample.FailedConfiguration.configure(FailedConfiguration.java:35)
</failure>
  </testcase>
  <testcase name="thisShouldBeSkipped" classname="org.uncommons.reportng.sample.FailedConfiguration" time="0">
    <skipped/>
  </testcase>
  <testcase name="(org.uncommons.reportng.sample.FailedTests)" classname="org.uncommons.reportng.sample.FailedTests" time="0">
    <failure message="This test failed." type="java.lang.AssertionError">java.lang.AssertionError: This test failed.
	at org.uncommons.reportng.sample.FailedTests.assertionFailure(FailedTests.java:31)
</failure>
  </testcase>
  <testcase name="(org.uncommons.reportng.sample.FailedTests)" classname="org.uncommons.reportng.sample.FailedTests" time="0">
    <failure message="This test failed.&#10;Its message is on multiple lines.&#10;     The last one has leading whitespace." type="java.lang.AssertionError">java.lang.AssertionError: This test failed.
Its message is on multiple lines.
     The last one has leading whitespace.
	at org.uncommons.reportng.sample.FailedTests.assertionFailureWithMultilineMessage(FailedTests.java:38)
</failure>
  </testcase>
  <testcase name="(org.uncommons.reportng.sample.FailedTests)" classname="org.uncommons.reportng.sample.FailedTests" time="0">
    <failure message="This test failed." type="java.lang.AssertionError">java.lang.AssertionError: This test failed.
	at org.uncommons.reportng.sample.FailedTests.assertionFailureWithOutput(FailedTests.java:46)
</failure>
  </testcase>
  <testcase name="(org.uncommons.reportng.sample.FailedTests)" classname="org.uncommons.reportng.sample.FailedTests" time="0.001">
    <failure message="Test failed." type="java.lang.IllegalStateException">java.lang.IllegalStateException: Test failed.
	at org.uncommons.reportng.sample.FailedTests.exceptionThrown(FailedTests.java:53)
</failure>
  </testcase>
  <testcase name="NamedTest" classname="org.uncommons.reportng.sample.NamedTest" time="0"/>
  <testcase name="(org.uncommons.reportng.sample.SuccessfulTests)" classname="org.uncommons.reportng.sample.SuccessfulTests" time="0"/>
  <testcase name="(org.uncommons.reportng.sample.SuccessfulTests)" classname="org.uncommons.reportng.sample.SuccessfulTests" time="0"/>
  <testcase name="(org.uncommons.reportng.sample.SuccessfulTests)" classname="org.uncommons.reportng.sample.SuccessfulTests" time="0.001"/>
  <testcase name="(org.uncommons.reportng.sample.SuccessfulTests)" classname="org.uncommons.reportng.sample.SuccessfulTests" time="0"/>
  <testcase name="skippedDueToDependentGroup" classname="org.uncommons.reportng.sample.SkippedTests" time="0">
    <skipped/>
  </testcase>
  <testcase name="skippedDueToDependentMethod" classname="org.uncommons.reportng.sample.SkippedTests" time="0">
    <skipped/>
  </testcase>
</testsuite>